[15:30:08.149] [INFO] storybook v10.3.3
[15:30:09.970] [DEBUG] Getting package.json info for /Users/inmac/Desktop/work-hard/IUui/package.json...
[15:30:10.660] [INFO] Starting...
[15:30:10.671] [WARN] unable to find package.json for @vueuse/core
[15:30:10.682] [WARN] No story files found for the specified pattern: [34msrc/**/*.mdx[39m
[15:30:10.797] [DEBUG] Starting preview..
[15:30:11.580] [WARN] 🚨 Unable to index ./src/components/BaseScrollableArea.stories.ts:
  SyntaxError: Expecting Unicode escape sequence \uXXXX. (55:9)
    at constructor (file:///Users/inmac/Desktop/work-hard/IUui/node_modules/storybook/dist/_node-chunks/chunk-73MPA7MW.js:12171:21)
    at Parser.raise (file:///Users/inmac/Desktop/work-hard/IUui/node_modules/storybook/dist/_node-chunks/chunk-73MPA7MW.js:16356:71)
    at Parser.readWord1 (file:///Users/inmac/Desktop/work-hard/IUui/node_modules/storybook/dist/_node-chunks/chunk-73MPA7MW.js:16332:20)
    at Parser.readWord (file:///Users/inmac/Desktop/work-hard/IUui/node_modules/storybook/dist/_node-chunks/chunk-73MPA7MW.js:16344:25)
    at Parser.getTokenFromCode (file:///Users/inmac/Desktop/work-hard/IUui/node_modules/storybook/dist/_node-chunks/chunk-73MPA7MW.js:16173:18)
    at Parser.getTokenFromCode (file:///Users/inmac/Desktop/work-hard/IUui/node_modules/storybook/dist/_node-chunks/chunk-73MPA7MW.js:15122:15)
    at Parser.getTokenFromCode (file:///Users/inmac/Desktop/work-hard/IUui/node_modules/storybook/dist/_node-chunks/chunk-73MPA7MW.js:18490:15)
    at Parser.nextToken (file:///Users/inmac/Desktop/work-hard/IUui/node_modules/storybook/dist/_node-chunks/chunk-73MPA7MW.js:15805:14)
    at Parser.next (file:///Users/inmac/Desktop/work-hard/IUui/node_modules/storybook/dist/_node-chunks/chunk-73MPA7MW.js:15735:203)
    at Parser.eat (file:///Users/inmac/Desktop/work-hard/IUui/node_modules/storybook/dist/_node-chunks/chunk-73MPA7MW.js:15738:41)
[15:30:11.585] [ERROR] Failed to build the preview
[15:30:11.588] [ERROR] Error: Unable to index ./src/components/BaseScrollableArea.stories.ts
    at _StoryIndexGenerator.getIndexAndStats (file://./node_modules/storybook/dist/core-server/index.js:6282:15)
    at async _StoryIndexGenerator.getIndex (file://./node_modules/storybook/dist/core-server/index.js:6271:13)
    at async config (file://./node_modules/@storybook/builder-vite/dist/_node-chunks/chunk-YEI2VLDL.js:184:19)
    at async runConfigHook (file://./node_modules/vite/dist/node/chunks/dep-BK3b2jBa.js:67004:19)
    at async resolveConfig (file://./node_modules/vite/dist/node/chunks/dep-BK3b2jBa.js:66445:12)
    at async _createServer (file://./node_modules/vite/dist/node/chunks/dep-BK3b2jBa.js:63015:18)
    at async Module.start (file://./node_modules/@storybook/builder-vite/dist/index.js:1557:17)
    at async storybookDevServer (file://./node_modules/storybook/dist/core-server/index.js:7502:83)
    at async buildOrThrow (file://./node_modules/storybook/dist/core-server/index.js:4508:12)
    at async buildDevStandalone (file://./node_modules/storybook/dist/core-server/index.js:8029:41)
[15:30:11.590] [WARN] Broken build, fix the error above.
You may need to refresh the browser.